Info    : Running 'gmsh cubes.geo -3 -optimize_netgen 8' [Gmsh 2.15.0, 1 node, max. 1 thread]
Info    : Started on Sun Dec 25 21:45:42 2016
Info    : Reading 'cubes.geo'...
Info    : Done reading 'cubes.geo'
Info    : Finalized high order topology of periodic connections
Info    : Meshing 1D...
Info    : Meshing curve 1 (Line)
Info    : Meshing curve 2 (Line)
Info    : Meshing curve 3 (Line)
Info    : Meshing curve 4 (Line)
Info    : Meshing curve 5 (Line)
Info    : Meshing curve 6 (Line)
Info    : Meshing curve 7 (Line)
Info    : Meshing curve 8 (Line)
Info    : Meshing curve 9 (Line)
Info    : Meshing curve 10 (Line)
Info    : Meshing curve 11 (Line)
Info    : Meshing curve 12 (Line)
Info    : Meshing curve 13 (Line)
Info    : Meshing curve 14 (Line)
Info    : Meshing curve 15 (Line)
Info    : Meshing curve 16 (Line)
Info    : Meshing curve 17 (Line)
Info    : Meshing curve 18 (Line)
Info    : Meshing curve 19 (Line)
Info    : Meshing curve 20 (Line)
Info    : Meshing curve 21 (Line)
Info    : Meshing curve 22 (Line)
Info    : Meshing curve 23 (Line)
Info    : Meshing curve 24 (Line)
Info    : Done meshing 1D (0.008 s)
Info    : Meshing 2D...
Info    : Meshing surface 1 (Plane, Delaunay)
Info    : Meshing surface 2 (Plane, Delaunay)
Info    : Meshing surface 3 (Plane, Delaunay)
Info    : Meshing surface 4 (Plane, Delaunay)
Info    : Meshing surface 5 (Plane, Delaunay)
Info    : Meshing surface 6 (Plane, Delaunay)
Info    : Meshing surface 7 (Plane, Delaunay)
Info    : Meshing surface 8 (Plane, Delaunay)
Info    : Meshing surface 9 (Plane, Delaunay)
Info    : Meshing surface 10 (Plane, Delaunay)
Info    : Meshing surface 11 (Plane, Delaunay)
Info    : Meshing surface 12 (Plane, Delaunay)
Info    : Done meshing 2D (0.0435991 s)
Info    : Meshing 3D...
Info    : Delaunay Meshing 2 volumes with 2 connected components
Info    : Meshing volume 1 (Delaunay)
Delaunizing vertices...
Delaunay seconds:  0.035475
Creating surface mesh ...
Surface mesh seconds:  0.010661
Recovering boundaries...
Boundary recovery seconds:  0.013449
Removing exterior tetrahedra ...
Exterior tets removal seconds:  0.000914
Recovering Delaunayness...
Delaunay recovery seconds:  0.004709
Optimizing mesh...
Optimization seconds:  0.002951

Writing nodes.
Writing elements.
Writing faces.
Writing edges.

Output seconds:  0.003912
Total running seconds:  0.072973

Statistics:

  Input points: 598
  Input facets: 1192
  Input segments: 1788
  Input holes: 0
  Input regions: 0

  Mesh points: 598
  Mesh tetrahedra: 1733
  Mesh faces: 4062
  Mesh edges: 2926
  Mesh faces on exterior boundary: 1192
  Mesh edges on exterior boundary: 1788
  Mesh faces on input facets: 1192
  Mesh edges on input segments: 1788

Info    : 598 points 2926 edges and 1192 faces in the initial mesh
Info    : Found region 1
Info    : 0 points created - Worst tet radius is 2.79061 (PTS removed 0 0)
Info    : 3D point insertion terminated (1247 points created):
Info    :  - 1 Delaunay cavities modified for star shapeness
Info    :  - 0 points could not be inserted
Info    :  - 2933 tetrahedra created in 0.016 sec. (183312 tets/sec.)
Info    : Meshing volume 2 (Delaunay)
Delaunizing vertices...
Delaunay seconds:  0.004076
Creating surface mesh ...
Surface mesh seconds:  0.0012
Recovering boundaries...
Boundary recovery seconds:  0.001566
Removing exterior tetrahedra ...
Exterior tets removal seconds:  9.9e-05
Recovering Delaunayness...
Delaunay recovery seconds:  0.000556
Optimizing mesh...
Optimization seconds:  0.000351

Writing nodes.
Writing elements.
Writing faces.
Writing edges.

Output seconds:  0.000443
Total running seconds:  0.008404

Statistics:

  Input points: 459
  Input facets: 914
  Input segments: 1371
  Input holes: 0
  Input regions: 0

  Mesh points: 459
  Mesh tetrahedra: 1300
  Mesh faces: 3057
  Mesh edges: 2215
  Mesh faces on exterior boundary: 914
  Mesh edges on exterior boundary: 1371
  Mesh faces on input facets: 914
  Mesh edges on input segments: 1371

Info    : 459 points 2215 edges and 914 faces in the initial mesh
Info    : Found region 2
Info    : 0 points created - Worst tet radius is 2.7773 (PTS removed 0 0)
Info    : 3D point insertion terminated (1191 points created):
Info    :  - 0 Delaunay cavities modified for star shapeness
Info    :  - 0 points could not be inserted
Info    :  - 2139 tetrahedra created in 0.012 sec. (178249 tets/sec.)
Info    : Done meshing 3D (0.1 s)
Info    : Optimizing 3D mesh with Netgen...
Info    : Optimizing volume 1
Info    : CalcLocalH: 788 Points 2933 Elements 1192 Surface Elements 
Info    : Remove Illegal Elements 
Info    : 347 illegal tets 
Info    : SplitImprove 
Info    : badmax = 2347.74 
Info    : 47 splits performed 
Info    : SwapImprove  
Info    : 86 swaps performed 
Info    : SwapImprove2  
Info    : 4 swaps performed 
Info    : 217 illegal tets 
Info    : SplitImprove 
Info    : badmax = 598.576 
Info    : 46 splits performed 
Info    : SwapImprove  
Info    : 22 swaps performed 
Info    : SwapImprove2  
Info    : 1 swaps performed 
Info    : 97 illegal tets 
Info    : SplitImprove 
Info    : badmax = 598.576 
Info    : 21 splits performed 
Info    : SwapImprove  
Info    : 10 swaps performed 
Info    : SwapImprove2  
Info    : 1 swaps performed 
Info    : 40 illegal tets 
Info    : SplitImprove 
Info    : badmax = 598.576 
Info    : 10 splits performed 
Info    : SwapImprove  
Info    : 3 swaps performed 
Info    : SwapImprove2  
Info    : 0 swaps performed 
Info    : 16 illegal tets 
Info    : SplitImprove 
Info    : badmax = 598.576 
Info    : 4 splits performed 
Info    : SwapImprove  
Info    : 0 swaps performed 
Info    : SwapImprove2  
Info    : 0 swaps performed 
Info    : 7 illegal tets 
Info    : SplitImprove 
Info    : badmax = 598.576 
Info    : 1 splits performed 
Info    : SwapImprove  
Info    : 1 swaps performed 
Info    : SwapImprove2  
Info    : 0 swaps performed 
Info    : 4 illegal tets 
Info    : SplitImprove 
Info    : badmax = 598.576 
Info    : 1 splits performed 
Info    : SwapImprove  
Info    : 1 swaps performed 
Info    : SwapImprove2  
Info    : 0 swaps performed 
Info    : 0 illegal tets 
Info    : Volume Optimization 
Info    : CombineImprove 
Info    : 62 elements combined 
Info    : ImproveMesh 
Info    : Total badness = 5743.22 
Info    : Total badness = 5362.46 
Info    : SplitImprove 
Info    : badmax = 40.5705 
Info    : 3 splits performed 
Info    : ImproveMesh 
Info    : Total badness = 5376.97 
Info    : Total badness = 5307.96 
Info    : SwapImprove  
Info    : 350 swaps performed 
Info    : SwapImprove2  
Info    : 0 swaps performed 
Info    : ImproveMesh 
Info    : Total badness = 4614.64 
Info    : Total badness = 4420.13 
Info    : CombineImprove 
Info    : 6 elements combined 
Info    : ImproveMesh 
Info    : Total badness = 4364.89 
Info    : Total badness = 4346.66 
Info    : SplitImprove 
Info    : badmax = 8.69105 
Info    : 0 splits performed 
Info    : ImproveMesh 
Info    : Total badness = 4346.66 
Info    : Total badness = 4345.68 
Info    : SwapImprove  
Info    : 88 swaps performed 
Info    : SwapImprove2  
Info    : 0 swaps performed 
Info    : ImproveMesh 
Info    : Total badness = 4259.31 
Info    : Total badness = 4216.67 
Info    : CombineImprove 
Info    : 2 elements combined 
Info    : ImproveMesh 
Info    : Total badness = 4198.74 
Info    : Total badness = 4195.66 
Info    : SplitImprove 
Info    : badmax = 7.08113 
Info    : 0 splits performed 
Info    : ImproveMesh 
Info    : Total badness = 4195.66 
Info    : Total badness = 4195.52 
Info    : SwapImprove  
Info    : 36 swaps performed 
Info    : SwapImprove2  
Info    : 0 swaps performed 
Info    : ImproveMesh 
Info    : Total badness = 4166.42 
Info    : Total badness = 4145.15 
Info    : Optimizing volume 2
Info    : CalcLocalH: 593 Points 2139 Elements 914 Surface Elements 
Info    : Remove Illegal Elements 
Info    : 287 illegal tets 
Info    : SplitImprove 
Info    : badmax = 1969.09 
Info    : 43 splits performed 
Info    : SwapImprove  
Info    : 65 swaps performed 
Info    : SwapImprove2  
Info    : 6 swaps performed 
Info    : 175 illegal tets 
Info    : SplitImprove 
Info    : badmax = 449.335 
Info    : 36 splits performed 
Info    : SwapImprove  
Info    : 21 swaps performed 
Info    : SwapImprove2  
Info    : 1 swaps performed 
Info    : 89 illegal tets 
Info    : SplitImprove 
Info    : badmax = 449.335 
Info    : 19 splits performed 
Info    : SwapImprove  
Info    : 6 swaps performed 
Info    : SwapImprove2  
Info    : 1 swaps performed 
Info    : 41 illegal tets 
Info    : SplitImprove 
Info    : badmax = 449.335 
Info    : 11 splits performed 
Info    : SwapImprove  
Info    : 0 swaps performed 
Info    : SwapImprove2  
Info    : 0 swaps performed 
Info    : 15 illegal tets 
Info    : SplitImprove 
Info    : badmax = 449.335 
Info    : 4 splits performed 
Info    : SwapImprove  
Info    : 2 swaps performed 
Info    : SwapImprove2  
Info    : 1 swaps performed 
Info    : 3 illegal tets 
Info    : SplitImprove 
Info    : badmax = 449.335 
Info    : 1 splits performed 
Info    : SwapImprove  
Info    : 0 swaps performed 
Info    : SwapImprove2  
Info    : 0 swaps performed 
Info    : 0 illegal tets 
Info    : Volume Optimization 
Info    : CombineImprove 
Info    : 53 elements combined 
Info    : ImproveMesh 
Info    : Total badness = 4363.86 
Info    : Total badness = 4065.94 
Info    : SplitImprove 
Info    : badmax = 59.8801 
Info    : 1 splits performed 
Info    : ImproveMesh 
Info    : Total badness = 4072.31 
Info    : Total badness = 4027.79 
Info    : SwapImprove  
Info    : 249 swaps performed 
Info    : SwapImprove2  
Info    : 0 swaps performed 
Info    : ImproveMesh 
Info    : Total badness = 3572.99 
Info    : Total badness = 3403.35 
Info    : CombineImprove 
Info    : 5 elements combined 
Info    : ImproveMesh 
Info    : Total badness = 3358.92 
Info    : Total badness = 3349.82 
Info    : SplitImprove 
Info    : badmax = 16.906 
Info    : 1 splits performed 
Info    : ImproveMesh 
Info    : Total badness = 3354.58 
Info    : Total badness = 3351.7 
Info    : SwapImprove  
Info    : 76 swaps performed 
Info    : SwapImprove2  
Info    : 0 swaps performed 
Info    : ImproveMesh 
Info    : Total badness = 3277.62 
Info    : Total badness = 3230.12 
Info    : CombineImprove 
Info    : 4 elements combined 
Info    : ImproveMesh 
Info    : Total badness = 3193.75 
Info    : Total badness = 3188.64 
Info    : SplitImprove 
Info    : badmax = 13.7211 
Info    : 0 splits performed 
Info    : ImproveMesh 
Info    : Total badness = 3188.64 
Info    : Total badness = 3188.42 
Info    : SwapImprove  
Info    : 30 swaps performed 
Info    : SwapImprove2  
Info    : 0 swaps performed 
Info    : ImproveMesh 
Info    : Total badness = 3164.99 
Info    : Total badness = 3143.35 
Info    : Done optimizing 3D mesh with Netgen (0.48 s)
Info    : 1498 vertices 7691 elements
Info    : Writing 'cubes.msh'...
Info    : Done writing 'cubes.msh'
Info    : Stopped on Sun Dec 25 21:45:43 2016
