Info    : Running 'gmsh SOFT=6_HARD=4.geo -3 -optimize_netgen 8' [Gmsh 2.12.0, 1 node, max. 1 thread]
Info    : Started on Fri Jun 24 23:58:45 2016
Info    : Reading 'SOFT=6_HARD=4.geo'...
Info    : Done reading 'SOFT=6_HARD=4.geo'
Info    : Meshing 1D...
Info    : Meshing curve 1 (Line)
Info    : Meshing curve 2 (Line)
Info    : Meshing curve 3 (Line)
Info    : Meshing curve 4 (Line)
Info    : Meshing curve 5 (Line)
Info    : Meshing curve 6 (Line)
Info    : Meshing curve 7 (Line)
Info    : Meshing curve 8 (Line)
Info    : Meshing curve 9 (Line)
Info    : Meshing curve 10 (Line)
Info    : Meshing curve 11 (Line)
Info    : Meshing curve 12 (Line)
Info    : Meshing curve 13 (Line)
Info    : Meshing curve 14 (Line)
Info    : Meshing curve 15 (Line)
Info    : Meshing curve 16 (Line)
Info    : Meshing curve 17 (Line)
Info    : Meshing curve 18 (Line)
Info    : Meshing curve 19 (Line)
Info    : Meshing curve 20 (Line)
Info    : Meshing curve 21 (Line)
Info    : Meshing curve 22 (Line)
Info    : Meshing curve 23 (Line)
Info    : Meshing curve 24 (Line)
Info    : Done meshing 1D (0.003999 s)
Info    : Meshing 2D...
Info    : Meshing surface 26 (Plane, Delaunay)
Info    : Meshing surface 28 (Plane, Delaunay)
Info    : Meshing surface 30 (Plane, Delaunay)
Info    : Meshing surface 32 (Plane, Delaunay)
Info    : Meshing surface 34 (Plane, Delaunay)
Info    : Meshing surface 36 (Plane, Delaunay)
Info    : Meshing surface 38 (Plane, Delaunay)
Info    : Meshing surface 40 (Plane, Delaunay)
Info    : Meshing surface 42 (Plane, Delaunay)
Info    : Meshing surface 44 (Plane, Delaunay)
Info    : Meshing surface 46 (Plane, Delaunay)
Info    : Meshing surface 48 (Plane, Delaunay)
Info    : Done meshing 2D (0.171109 s)
Info    : Meshing 3D...
Info    : Delaunay Meshing 2 volumes with 2 connected components
Info    : Meshing volume 50 (Delaunay)
Delaunizing vertices...
Delaunay seconds:  0.02
Creating surface mesh ...
Surface mesh seconds:  0
Recovering boundaries...
Boundary recovery seconds:  0
Removing exterior tetrahedra ...
Exterior tets removal seconds:  0
Recovering Delaunayness...
Delaunay recovery seconds:  0.01
Optimizing mesh...
Optimization seconds:  0

Writing nodes.
Writing elements.
Writing faces.
Writing edges.

Output seconds:  0
Total running seconds:  0.03

Statistics:

  Input points: 688
  Input facets: 1372
  Input segments: 2058
  Input holes: 0
  Input regions: 0

  Mesh points: 688
  Mesh tetrahedra: 2000
  Mesh faces: 4686
  Mesh edges: 3373
  Mesh faces on exterior boundary: 1372
  Mesh edges on exterior boundary: 2058
  Mesh faces on input facets: 1372
  Mesh edges on input segments: 2058

Info    : 688 points 3373 edges and 1372 faces in the initial mesh
Info    : Found region 50
Info    : 0 points created - Worst tet radius is 3.88535 (PTS removed 0 0)
Info    : 3D point insertion terminated (1857 points created):
Info    :  - 0 Delaunay cavities modified for star shapeness
Info    :  - 0 points could not be inserted
Info    :  - 3874 tetrahedra created in 0.037994 sec. (101963 tets/sec.)
Info    : Meshing volume 52 (Delaunay)
Delaunizing vertices...
Delaunay seconds:  0.02
Creating surface mesh ...
Surface mesh seconds:  0
Recovering boundaries...
Boundary recovery seconds:  0.01
Removing exterior tetrahedra ...
Exterior tets removal seconds:  0
Recovering Delaunayness...
Delaunay recovery seconds:  0
Optimizing mesh...
Optimization seconds:  0

Writing nodes.
Writing elements.
Writing faces.
Writing edges.

Output seconds:  0.01
Total running seconds:  0.04

Statistics:

  Input points: 868
  Input facets: 1732
  Input segments: 2598
  Input holes: 0
  Input regions: 0

  Mesh points: 868
  Mesh tetrahedra: 2608
  Mesh faces: 6082
  Mesh edges: 4341
  Mesh faces on exterior boundary: 1732
  Mesh edges on exterior boundary: 2598
  Mesh faces on input facets: 1732
  Mesh edges on input segments: 2598

Info    : 868 points 4341 edges and 1732 faces in the initial mesh
Info    : Found region 52
Info    : 0 points created - Worst tet radius is 4.96069 (PTS removed 0 0)
Info    : 3D point insertion terminated (1968 points created):
Info    :  - 0 Delaunay cavities modified for star shapeness
Info    :  - 0 points could not be inserted
Info    :  - 5144 tetrahedra created in 0.052992 sec. (97071 tets/sec.)
Info    : Done meshing 3D (0.271959 s)
Info    : Optimizing 3D mesh with Netgen...
Info    : Optimizing volume 50
Info    : CalcLocalH: 989 Points 3874 Elements 1372 Surface Elements 
Info    : Remove Illegal Elements 
Info    : 340 illegal tets 
Info    : SplitImprove 
Info    : badmax = 643.626 
Info    : 52 splits performed 
Info    : SwapImprove  
Info    : 67 swaps performed 
Info    : SwapImprove2  
Info    : 3 swaps performed 
Info    : 211 illegal tets 
Info    : SplitImprove 
Info    : badmax = 643.626 
Info    : 48 splits performed 
Info    : SwapImprove  
Info    : 24 swaps performed 
Info    : SwapImprove2  
Info    : 6 swaps performed 
Info    : 74 illegal tets 
Info    : SplitImprove 
Info    : badmax = 4001.71 
Info    : 22 splits performed 
Info    : SwapImprove  
Info    : 4 swaps performed 
Info    : SwapImprove2  
Info    : 1 swaps performed 
Info    : 13 illegal tets 
Info    : SplitImprove 
Info    : badmax = 643.626 
Info    : 4 splits performed 
Info    : SwapImprove  
Info    : 0 swaps performed 
Info    : SwapImprove2  
Info    : 1 swaps performed 
Info    : 0 illegal tets 
Info    : Volume Optimization 
Info    : CombineImprove 
Info    : 62 elements combined 
Info    : ImproveMesh 
Info    : Total badness = 7072.74 
Info    : Total badness = 6628.47 
Info    : SplitImprove 
Info    : badmax = 32.8374 
Info    : 2 splits performed 
Info    : ImproveMesh 
Info    : Total badness = 6639.11 
Info    : Total badness = 6562.45 
Info    : SwapImprove  
Info    : 401 swaps performed 
Info    : SwapImprove2  
Info    : 0 swaps performed 
Info    : ImproveMesh 
Info    : Total badness = 5870.44 
Info    : Total badness = 5646.61 
Info    : CombineImprove 
Info    : 6 elements combined 
Info    : ImproveMesh 
Info    : Total badness = 5589.46 
Info    : Total badness = 5571.71 
Info    : SplitImprove 
Info    : badmax = 20.6729 
Info    : 0 splits performed 
Info    : ImproveMesh 
Info    : Total badness = 5571.71 
Info    : Total badness = 5569.74 
Info    : SwapImprove  
Info    : 99 swaps performed 
Info    : SwapImprove2  
Info    : 0 swaps performed 
Info    : ImproveMesh 
Info    : Total badness = 5463.52 
Info    : Total badness = 5385.42 
Info    : CombineImprove 
Info    : 1 elements combined 
Info    : ImproveMesh 
Info    : Total badness = 5377.45 
Info    : Total badness = 5372.66 
Info    : SplitImprove 
Info    : badmax = 8.21248 
Info    : 0 splits performed 
Info    : ImproveMesh 
Info    : Total badness = 5372.66 
Info    : Total badness = 5372.39 
Info    : SwapImprove  
Info    : 43 swaps performed 
Info    : SwapImprove2  
Info    : 0 swaps performed 
Info    : ImproveMesh 
Info    : Total badness = 5347.61 
Info    : Total badness = 5323.04 
Info    : Optimizing volume 52
Info    : CalcLocalH: 1280 Points 5144 Elements 1732 Surface Elements 
Info    : Remove Illegal Elements 
Info    : 411 illegal tets 
Info    : SplitImprove 
Info    : badmax = 941.689 
Info    : 55 splits performed 
Info    : SwapImprove  
Info    : 111 swaps performed 
Info    : SwapImprove2  
Info    : 2 swaps performed 
Info    : 247 illegal tets 
Info    : SplitImprove 
Info    : badmax = 711.662 
Info    : 56 splits performed 
Info    : SwapImprove  
Info    : 25 swaps performed 
Info    : SwapImprove2  
Info    : 1 swaps performed 
Info    : 103 illegal tets 
Info    : SplitImprove 
Info    : badmax = 472.984 
Info    : 24 splits performed 
Info    : SwapImprove  
Info    : 6 swaps performed 
Info    : SwapImprove2  
Info    : 4 swaps performed 
Info    : 35 illegal tets 
Info    : SplitImprove 
Info    : badmax = 1734.21 
Info    : 6 splits performed 
Info    : SwapImprove  
Info    : 4 swaps performed 
Info    : SwapImprove2  
Info    : 2 swaps performed 
Info    : 18 illegal tets 
Info    : SplitImprove 
Info    : badmax = 472.984 
Info    : 4 splits performed 
Info    : SwapImprove  
Info    : 0 swaps performed 
Info    : SwapImprove2  
Info    : 0 swaps performed 
Info    : 6 illegal tets 
Info    : SplitImprove 
Info    : badmax = 472.984 
Info    : 2 splits performed 
Info    : SwapImprove  
Info    : 0 swaps performed 
Info    : SwapImprove2  
Info    : 0 swaps performed 
Info    : 0 illegal tets 
Info    : Volume Optimization 
Info    : CombineImprove 
Info    : 85 elements combined 
Info    : ImproveMesh 
Info    : Total badness = 9253.34 
Info    : Total badness = 8660.47 
Info    : SplitImprove 
Info    : badmax = 59.5154 
Info    : 4 splits performed 
Info    : ImproveMesh 
Info    : Total badness = 8678.3 
Info    : Total badness = 8584.06 
Info    : SwapImprove  
Info    : 515 swaps performed 
Info    : SwapImprove2  
Info    : 0 swaps performed 
Info    : ImproveMesh 
Info    : Total badness = 7587.64 
Info    : Total badness = 7277.37 
Info    : CombineImprove 
Info    : 9 elements combined 
Info    : ImproveMesh 
Info    : Total badness = 7186.18 
Info    : Total badness = 7161.38 
Info    : SplitImprove 
Info    : badmax = 17.6687 
Info    : 2 splits performed 
Info    : ImproveMesh 
Info    : Total badness = 7171.05 
Info    : Total badness = 7163.51 
Info    : SwapImprove  
Info    : 120 swaps performed 
Info    : SwapImprove2  
Info    : 0 swaps performed 
Info    : ImproveMesh 
Info    : Total badness = 7055.97 
Info    : Total badness = 6973.37 
Info    : CombineImprove 
Info    : 12 elements combined 
Info    : ImproveMesh 
Info    : Total badness = 6860.25 
Info    : Total badness = 6852.11 
Info    : SplitImprove 
Info    : badmax = 15.6399 
Info    : 0 splits performed 
Info    : ImproveMesh 
Info    : Total badness = 6852.11 
Info    : Total badness = 6851.5 
Info    : SwapImprove  
Info    : 49 swaps performed 
Info    : SwapImprove2  
Info    : 0 swaps performed 
Info    : ImproveMesh 
Info    : Total badness = 6813.63 
Info    : Total badness = 6784.59 
Info    : Done optimizing 3D mesh with Netgen (1.61476 s)
Info    : 2375 vertices 12395 elements
Info    : Writing 'SOFT=6_HARD=4.msh'...
Info    : Done writing 'SOFT=6_HARD=4.msh'
Info    : Stopped on Fri Jun 24 23:58:47 2016
