Info    : Running 'gmsh cubes.geo -3 -optimize_netgen 8' [Gmsh 2.15.0, 1 node, max. 1 thread]
Info    : Started on Sat Dec 24 19:55:32 2016
Info    : Reading 'cubes.geo'...
Info    : Done reading 'cubes.geo'
Info    : Finalized high order topology of periodic connections
Info    : Meshing 1D...
Info    : Meshing curve 1 (Line)
Info    : Meshing curve 2 (Line)
Info    : Meshing curve 3 (Line)
Info    : Meshing curve 4 (Line)
Info    : Meshing curve 5 (Line)
Info    : Meshing curve 6 (Line)
Info    : Meshing curve 7 (Line)
Info    : Meshing curve 8 (Line)
Info    : Meshing curve 9 (Line)
Info    : Meshing curve 10 (Line)
Info    : Meshing curve 11 (Line)
Info    : Meshing curve 12 (Line)
Info    : Meshing curve 13 (Line)
Info    : Meshing curve 14 (Line)
Info    : Meshing curve 15 (Line)
Info    : Meshing curve 16 (Line)
Info    : Meshing curve 17 (Line)
Info    : Meshing curve 18 (Line)
Info    : Meshing curve 19 (Line)
Info    : Meshing curve 20 (Line)
Info    : Meshing curve 21 (Line)
Info    : Meshing curve 22 (Line)
Info    : Meshing curve 23 (Line)
Info    : Meshing curve 24 (Line)
Info    : Done meshing 1D (0.004 s)
Info    : Meshing 2D...
Info    : Meshing surface 1 (Plane, Delaunay)
Info    : Meshing surface 2 (Plane, Delaunay)
Info    : Meshing surface 3 (Plane, Delaunay)
Info    : Meshing surface 4 (Plane, Delaunay)
Info    : Meshing surface 5 (Plane, Delaunay)
Info    : Meshing surface 6 (Plane, Delaunay)
Info    : Meshing surface 7 (Plane, Delaunay)
Info    : Meshing surface 8 (Plane, Delaunay)
Info    : Meshing surface 9 (Plane, Delaunay)
Info    : Meshing surface 10 (Plane, Delaunay)
Info    : Meshing surface 11 (Plane, Delaunay)
Info    : Meshing surface 12 (Plane, Delaunay)
Info    : Done meshing 2D (0.0882211 s)
Info    : Meshing 3D...
Info    : Delaunay Meshing 2 volumes with 2 connected components
Info    : Meshing volume 1 (Delaunay)
Delaunizing vertices...
Delaunay seconds:  0.008466
Creating surface mesh ...
Surface mesh seconds:  0.002354
Recovering boundaries...
Boundary recovery seconds:  0.003118
Removing exterior tetrahedra ...
Exterior tets removal seconds:  0.0002
Recovering Delaunayness...
Delaunay recovery seconds:  0.001603
Optimizing mesh...
Optimization seconds:  0.000687

Writing nodes.
Writing elements.
Writing faces.
Writing edges.

Output seconds:  0.000877
Total running seconds:  0.017482

Statistics:

  Input points: 686
  Input facets: 1368
  Input segments: 2052
  Input holes: 0
  Input regions: 0

  Mesh points: 686
  Mesh tetrahedra: 1992
  Mesh faces: 4668
  Mesh edges: 3361
  Mesh faces on exterior boundary: 1368
  Mesh edges on exterior boundary: 2052
  Mesh faces on input facets: 1368
  Mesh edges on input segments: 2052

Info    : 686 points 3361 edges and 1368 faces in the initial mesh
Info    : Found region 1
Info    : 0 points created - Worst tet radius is 4.03044 (PTS removed 0 0)
Info    : 3D point insertion terminated (1873 points created):
Info    :  - 0 Delaunay cavities modified for star shapeness
Info    :  - 0 points could not be inserted
Info    :  - 3940 tetrahedra created in 0.024 sec. (164166 tets/sec.)
Info    : Meshing volume 2 (Delaunay)
Delaunizing vertices...
Delaunay seconds:  0.009107
Creating surface mesh ...
Surface mesh seconds:  0.002489
Recovering boundaries...
Boundary recovery seconds:  0.00322
Removing exterior tetrahedra ...
Exterior tets removal seconds:  0.000207
Recovering Delaunayness...
Delaunay recovery seconds:  0.001415
Optimizing mesh...
Optimization seconds:  0.000719

Writing nodes.
Writing elements.
Writing faces.
Writing edges.

Output seconds:  0.001004
Total running seconds:  0.018358

Statistics:

  Input points: 874
  Input facets: 1744
  Input segments: 2616
  Input holes: 0
  Input regions: 0

  Mesh points: 874
  Mesh tetrahedra: 2619
  Mesh faces: 6110
  Mesh edges: 4364
  Mesh faces on exterior boundary: 1744
  Mesh edges on exterior boundary: 2616
  Mesh faces on input facets: 1744
  Mesh edges on input segments: 2616

Info    : 874 points 4364 edges and 1744 faces in the initial mesh
Info    : Found region 2
Info    : 0 points created - Worst tet radius is 4.39822 (PTS removed 0 0)
Info    : 3D point insertion terminated (2014 points created):
Info    :  - 0 Delaunay cavities modified for star shapeness
Info    :  - 0 points could not be inserted
Info    :  - 5434 tetrahedra created in 0.032 sec. (169812 tets/sec.)
Info    : Done meshing 3D (0.128 s)
Info    : Optimizing 3D mesh with Netgen...
Info    : Optimizing volume 1
Info    : CalcLocalH: 999 Points 3940 Elements 1368 Surface Elements 
Info    : Remove Illegal Elements 
Info    : 340 illegal tets 
Info    : SplitImprove 
Info    : badmax = 496.48 
Info    : 48 splits performed 
Info    : SwapImprove  
Info    : 77 swaps performed 
Info    : SwapImprove2  
Info    : 8 swaps performed 
Info    : 199 illegal tets 
Info    : SplitImprove 
Info    : badmax = 496.48 
Info    : 44 splits performed 
Info    : SwapImprove  
Info    : 14 swaps performed 
Info    : SwapImprove2  
Info    : 4 swaps performed 
Info    : 87 illegal tets 
Info    : SplitImprove 
Info    : badmax = 3827.33 
Info    : 22 splits performed 
Info    : SwapImprove  
Info    : 7 swaps performed 
Info    : SwapImprove2  
Info    : 0 swaps performed 
Info    : 33 illegal tets 
Info    : SplitImprove 
Info    : badmax = 496.48 
Info    : 7 splits performed 
Info    : SwapImprove  
Info    : 0 swaps performed 
Info    : SwapImprove2  
Info    : 2 swaps performed 
Info    : 12 illegal tets 
Info    : SplitImprove 
Info    : badmax = 580.363 
Info    : 3 splits performed 
Info    : SwapImprove  
Info    : 1 swaps performed 
Info    : SwapImprove2  
Info    : 0 swaps performed 
Info    : 3 illegal tets 
Info    : SplitImprove 
Info    : badmax = 580.363 
Info    : 1 splits performed 
Info    : SwapImprove  
Info    : 0 swaps performed 
Info    : SwapImprove2  
Info    : 0 swaps performed 
Info    : 0 illegal tets 
Info    : Volume Optimization 
Info    : CombineImprove 
Info    : 76 elements combined 
Info    : ImproveMesh 
Info    : Total badness = 7021.88 
Info    : Total badness = 6532.35 
Info    : SplitImprove 
Info    : badmax = 24.0505 
Info    : 0 splits performed 
Info    : ImproveMesh 
Info    : Total badness = 6532.35 
Info    : Total badness = 6453.47 
Info    : SwapImprove  
Info    : 384 swaps performed 
Info    : SwapImprove2  
Info    : 0 swaps performed 
Info    : ImproveMesh 
Info    : Total badness = 5757.67 
Info    : Total badness = 5534.27 
Info    : CombineImprove 
Info    : 4 elements combined 
Info    : ImproveMesh 
Info    : Total badness = 5489.01 
Info    : Total badness = 5470.65 
Info    : SplitImprove 
Info    : badmax = 17.1519 
Info    : 0 splits performed 
Info    : ImproveMesh 
Info    : Total badness = 5470.65 
Info    : Total badness = 5468.51 
Info    : SwapImprove  
Info    : 95 swaps performed 
Info    : SwapImprove2  
Info    : 0 swaps performed 
Info    : ImproveMesh 
Info    : Total badness = 5360.26 
Info    : Total badness = 5286.53 
Info    : CombineImprove 
Info    : 6 elements combined 
Info    : ImproveMesh 
Info    : Total badness = 5229.97 
Info    : Total badness = 5223.01 
Info    : SplitImprove 
Info    : badmax = 6.73905 
Info    : 0 splits performed 
Info    : ImproveMesh 
Info    : Total badness = 5223.01 
Info    : Total badness = 5222.5 
Info    : SwapImprove  
Info    : 41 swaps performed 
Info    : SwapImprove2  
Info    : 0 swaps performed 
Info    : ImproveMesh 
Info    : Total badness = 5187.29 
Info    : Total badness = 5163.26 
Info    : Optimizing volume 2
Info    : CalcLocalH: 1328 Points 5434 Elements 1744 Surface Elements 
Info    : Remove Illegal Elements 
Info    : 406 illegal tets 
Info    : SplitImprove 
Info    : badmax = 1912.35 
Info    : 52 splits performed 
Info    : SwapImprove  
Info    : 93 swaps performed 
Info    : SwapImprove2  
Info    : 3 swaps performed 
Info    : 262 illegal tets 
Info    : SplitImprove 
Info    : badmax = 821.612 
Info    : 60 splits performed 
Info    : SwapImprove  
Info    : 18 swaps performed 
Info    : SwapImprove2  
Info    : 3 swaps performed 
Info    : 122 illegal tets 
Info    : SplitImprove 
Info    : badmax = 4579.41 
Info    : 26 splits performed 
Info    : SwapImprove  
Info    : 11 swaps performed 
Info    : SwapImprove2  
Info    : 2 swaps performed 
Info    : 55 illegal tets 
Info    : SplitImprove 
Info    : badmax = 821.612 
Info    : 10 splits performed 
Info    : SwapImprove  
Info    : 6 swaps performed 
Info    : SwapImprove2  
Info    : 3 swaps performed 
Info    : 20 illegal tets 
Info    : SplitImprove 
Info    : badmax = 821.612 
Info    : 5 splits performed 
Info    : SwapImprove  
Info    : 3 swaps performed 
Info    : SwapImprove2  
Info    : 1 swaps performed 
Info    : 3 illegal tets 
Info    : SplitImprove 
Info    : badmax = 821.612 
Info    : 1 splits performed 
Info    : SwapImprove  
Info    : 0 swaps performed 
Info    : SwapImprove2  
Info    : 0 swaps performed 
Info    : 0 illegal tets 
Info    : Volume Optimization 
Info    : CombineImprove 
Info    : 94 elements combined 
Info    : ImproveMesh 
Info    : Total badness = 9494.27 
Info    : Total badness = 8904.35 
Info    : SplitImprove 
Info    : badmax = 53.7212 
Info    : 1 splits performed 
Info    : ImproveMesh 
Info    : Total badness = 8908.75 
Info    : Total badness = 8820.21 
Info    : SwapImprove  
Info    : 506 swaps performed 
Info    : SwapImprove2  
Info    : 1 swaps performed 
Info    : ImproveMesh 
Info    : Total badness = 7762.79 
Info    : Total badness = 7442.38 
Info    : CombineImprove 
Info    : 11 elements combined 
Info    : ImproveMesh 
Info    : Total badness = 7337.06 
Info    : Total badness = 7309.46 
Info    : SplitImprove 
Info    : badmax = 14.448 
Info    : 0 splits performed 
Info    : ImproveMesh 
Info    : Total badness = 7309.46 
Info    : Total badness = 7306.52 
Info    : SwapImprove  
Info    : 133 swaps performed 
Info    : SwapImprove2  
Info    : 0 swaps performed 
Info    : ImproveMesh 
Info    : Total badness = 7163.3 
Info    : Total badness = 7081.45 
Info    : CombineImprove 
Info    : 6 elements combined 
Info    : ImproveMesh 
Info    : Total badness = 7029.72 
Info    : Total badness = 7020.87 
Info    : SplitImprove 
Info    : badmax = 7.82563 
Info    : 0 splits performed 
Info    : ImproveMesh 
Info    : Total badness = 7020.87 
Info    : Total badness = 7020.42 
Info    : SwapImprove  
Info    : 61 swaps performed 
Info    : SwapImprove2  
Info    : 0 swaps performed 
Info    : ImproveMesh 
Info    : Total badness = 6989.25 
Info    : Total badness = 6954.59 
Info    : Done optimizing 3D mesh with Netgen (0.784 s)
Info    : 2410 vertices 12563 elements
Info    : Writing 'cubes.msh'...
Info    : Done writing 'cubes.msh'
Info    : Stopped on Sat Dec 24 19:55:33 2016
