Info    : Running 'gmsh cubes.geo -3 -optimize_netgen 8' [Gmsh 2.15.0, 1 node, max. 1 thread]
Info    : Started on Sat Dec 24 15:12:10 2016
Info    : Reading 'cubes.geo'...
Info    : Done reading 'cubes.geo'
Info    : Finalized high order topology of periodic connections
Info    : Meshing 1D...
Info    : Meshing curve 1 (Line)
Info    : Meshing curve 2 (Line)
Info    : Meshing curve 3 (Line)
Info    : Meshing curve 4 (Line)
Info    : Meshing curve 5 (Line)
Info    : Meshing curve 6 (Line)
Info    : Meshing curve 7 (Line)
Info    : Meshing curve 8 (Line)
Info    : Meshing curve 9 (Line)
Info    : Meshing curve 10 (Line)
Info    : Meshing curve 11 (Line)
Info    : Meshing curve 12 (Line)
Info    : Meshing curve 13 (Line)
Info    : Meshing curve 14 (Line)
Info    : Meshing curve 15 (Line)
Info    : Meshing curve 16 (Line)
Info    : Meshing curve 17 (Line)
Info    : Meshing curve 18 (Line)
Info    : Meshing curve 19 (Line)
Info    : Meshing curve 20 (Line)
Info    : Meshing curve 21 (Line)
Info    : Meshing curve 22 (Line)
Info    : Meshing curve 23 (Line)
Info    : Meshing curve 24 (Line)
Info    : Done meshing 1D (0 s)
Info    : Meshing 2D...
Info    : Meshing surface 1 (Plane, Delaunay)
Info    : Meshing surface 2 (Plane, Delaunay)
Info    : Meshing surface 3 (Plane, Delaunay)
Info    : Meshing surface 4 (Plane, Delaunay)
Info    : Meshing surface 5 (Plane, Delaunay)
Info    : Meshing surface 6 (Plane, Delaunay)
Info    : Meshing surface 7 (Plane, Delaunay)
Info    : Meshing surface 8 (Plane, Delaunay)
Info    : Meshing surface 9 (Plane, Delaunay)
Info    : Meshing surface 10 (Plane, Delaunay)
Info    : Meshing surface 11 (Plane, Delaunay)
Info    : Meshing surface 12 (Plane, Delaunay)
Info    : Done meshing 2D (0.0117521 s)
Info    : Meshing 3D...
Info    : Delaunay Meshing 2 volumes with 2 connected components
Info    : Meshing volume 1 (Delaunay)
Delaunizing vertices...
Delaunay seconds:  0.003796
Creating surface mesh ...
Surface mesh seconds:  0.001822
Recovering boundaries...
Boundary recovery seconds:  0.001674
Removing exterior tetrahedra ...
Exterior tets removal seconds:  0.000168
Recovering Delaunayness...
Delaunay recovery seconds:  0.000643
Optimizing mesh...
Optimization seconds:  0.00062

Writing nodes.
Writing elements.
Writing faces.
Writing edges.

Output seconds:  0.000581
Total running seconds:  0.01009

Statistics:

  Input points: 58
  Input facets: 112
  Input segments: 168
  Input holes: 0
  Input regions: 0

  Mesh points: 58
  Mesh tetrahedra: 130
  Mesh faces: 316
  Mesh edges: 243
  Mesh faces on exterior boundary: 112
  Mesh edges on exterior boundary: 168
  Mesh faces on input facets: 112
  Mesh edges on input segments: 168

Info    : 58 points 243 edges and 112 faces in the initial mesh
Info    : Found region 1
Info    : 0 points created - Worst tet radius is 0.892069 (PTS removed 0 0)
Info    : 3D point insertion terminated (104 points created):
Info    :  - 0 Delaunay cavities modified for star shapeness
Info    :  - 0 points could not be inserted
Info    :  - 130 tetrahedra created in 0 sec. (-2147483648 tets/sec.)
Info    : Meshing volume 2 (Delaunay)
Delaunizing vertices...
Delaunay seconds:  0.002817
Creating surface mesh ...
Surface mesh seconds:  0.001264
Recovering boundaries...
Boundary recovery seconds:  0.001692
Removing exterior tetrahedra ...
Exterior tets removal seconds:  0.00014
Recovering Delaunayness...
Delaunay recovery seconds:  0.000499
Optimizing mesh...
Optimization seconds:  0.000352

Writing nodes.
Writing elements.
Writing faces.
Writing edges.

Output seconds:  0.000496
Total running seconds:  0.007879

Statistics:

  Input points: 46
  Input facets: 88
  Input segments: 132
  Input holes: 0
  Input regions: 0

  Mesh points: 46
  Mesh tetrahedra: 100
  Mesh faces: 244
  Mesh edges: 189
  Mesh faces on exterior boundary: 88
  Mesh edges on exterior boundary: 132
  Mesh faces on input facets: 88
  Mesh edges on input segments: 132

Info    : 46 points 189 edges and 88 faces in the initial mesh
Info    : Found region 2
Info    : 0 points created - Worst tet radius is 0.8203 (PTS removed 0 0)
Info    : 3D point insertion terminated (104 points created):
Info    :  - 0 Delaunay cavities modified for star shapeness
Info    :  - 0 points could not be inserted
Info    :  - 100 tetrahedra created in 0 sec. (-2147483648 tets/sec.)
Info    : Done meshing 3D (0.008 s)
Info    : Optimizing 3D mesh with Netgen...
Info    : Optimizing volume 1
Info    : CalcLocalH: 58 Points 130 Elements 112 Surface Elements 
Info    : Remove Illegal Elements 
Info    : 74 illegal tets 
Info    : SplitImprove 
Info    : badmax = 44.5623 
Info    : 5 splits performed 
Info    : SwapImprove  
Info    : 11 swaps performed 
Info    : SwapImprove2  
Info    : 0 swaps performed 
Info    : 64 illegal tets 
Info    : SplitImprove 
Info    : badmax = 18.4978 
Info    : 4 splits performed 
Info    : SwapImprove  
Info    : 7 swaps performed 
Info    : SwapImprove2  
Info    : 0 swaps performed 
Info    : 56 illegal tets 
Info    : SplitImprove 
Info    : badmax = 18.4978 
Info    : 6 splits performed 
Info    : SwapImprove  
Info    : 1 swaps performed 
Info    : SwapImprove2  
Info    : 0 swaps performed 
Info    : 48 illegal tets 
Info    : SplitImprove 
Info    : badmax = 18.4978 
Info    : 5 splits performed 
Info    : SwapImprove  
Info    : 1 swaps performed 
Info    : SwapImprove2  
Info    : 0 swaps performed 
Info    : 38 illegal tets 
Info    : SplitImprove 
Info    : badmax = 18.4978 
Info    : 5 splits performed 
Info    : SwapImprove  
Info    : 1 swaps performed 
Info    : SwapImprove2  
Info    : 0 swaps performed 
Info    : 26 illegal tets 
Info    : SplitImprove 
Info    : badmax = 18.4978 
Info    : 4 splits performed 
Info    : SwapImprove  
Info    : 0 swaps performed 
Info    : SwapImprove2  
Info    : 0 swaps performed 
Info    : 15 illegal tets 
Info    : SplitImprove 
Info    : badmax = 18.4978 
Info    : 3 splits performed 
Info    : SwapImprove  
Info    : 0 swaps performed 
Info    : SwapImprove2  
Info    : 0 swaps performed 
Info    : 6 illegal tets 
Info    : SplitImprove 
Info    : badmax = 18.4978 
Info    : 2 splits performed 
Info    : SwapImprove  
Info    : 0 swaps performed 
Info    : SwapImprove2  
Info    : 0 swaps performed 
Info    : 0 illegal tets 
Info    : Volume Optimization 
Info    : CombineImprove 
Info    : 18 elements combined 
Info    : ImproveMesh 
Info    : Total badness = 392.806 
Info    : Total badness = 380.381 
Info    : SplitImprove 
Info    : badmax = 13.4266 
Info    : 0 splits performed 
Info    : ImproveMesh 
Info    : Total badness = 380.381 
Info    : Total badness = 380.345 
Info    : SwapImprove  
Info    : 19 swaps performed 
Info    : SwapImprove2  
Info    : 0 swaps performed 
Info    : ImproveMesh 
Info    : Total badness = 359.355 
Info    : Total badness = 345.421 
Info    : CombineImprove 
Info    : 2 elements combined 
Info    : ImproveMesh 
Info    : Total badness = 324.609 
Info    : Total badness = 323.734 
Info    : SplitImprove 
Info    : badmax = 9.52699 
Info    : 0 splits performed 
Info    : ImproveMesh 
Info    : Total badness = 323.734 
Info    : Total badness = 323.721 
Info    : SwapImprove  
Info    : 3 swaps performed 
Info    : SwapImprove2  
Info    : 0 swaps performed 
Info    : ImproveMesh 
Info    : Total badness = 321.615 
Info    : Total badness = 319.358 
Info    : CombineImprove 
Info    : 1 elements combined 
Info    : ImproveMesh 
Info    : Total badness = 310.027 
Info    : Total badness = 309.29 
Info    : SplitImprove 
Info    : badmax = 9.54743 
Info    : 0 splits performed 
Info    : ImproveMesh 
Info    : Total badness = 309.29 
Info    : Total badness = 309.31 
Info    : SwapImprove  
Info    : 5 swaps performed 
Info    : SwapImprove2  
Info    : 0 swaps performed 
Info    : ImproveMesh 
Info    : Total badness = 302.865 
Info    : Total badness = 299.686 
Info    : Optimizing volume 2
Info    : CalcLocalH: 46 Points 100 Elements 88 Surface Elements 
Info    : Remove Illegal Elements 
Info    : 66 illegal tets 
Info    : SplitImprove 
Info    : badmax = 218.641 
Info    : 3 splits performed 
Info    : SwapImprove  
Info    : 8 swaps performed 
Info    : SwapImprove2  
Info    : 0 swaps performed 
Info    : 59 illegal tets 
Info    : SplitImprove 
Info    : badmax = 218.641 
Info    : 4 splits performed 
Info    : SwapImprove  
Info    : 6 swaps performed 
Info    : SwapImprove2  
Info    : 0 swaps performed 
Info    : 47 illegal tets 
Info    : SplitImprove 
Info    : badmax = 218.641 
Info    : 5 splits performed 
Info    : SwapImprove  
Info    : 2 swaps performed 
Info    : SwapImprove2  
Info    : 0 swaps performed 
Info    : 37 illegal tets 
Info    : SplitImprove 
Info    : badmax = 218.641 
Info    : 4 splits performed 
Info    : SwapImprove  
Info    : 3 swaps performed 
Info    : SwapImprove2  
Info    : 1 swaps performed 
Info    : 26 illegal tets 
Info    : SplitImprove 
Info    : badmax = 218.641 
Info    : 4 splits performed 
Info    : SwapImprove  
Info    : 3 swaps performed 
Info    : SwapImprove2  
Info    : 0 swaps performed 
Info    : 13 illegal tets 
Info    : SplitImprove 
Info    : badmax = 218.641 
Info    : 3 splits performed 
Info    : SwapImprove  
Info    : 2 swaps performed 
Info    : SwapImprove2  
Info    : 0 swaps performed 
Info    : 3 illegal tets 
Info    : SplitImprove 
Info    : badmax = 218.641 
Info    : 1 splits performed 
Info    : SwapImprove  
Info    : 0 swaps performed 
Info    : SwapImprove2  
Info    : 0 swaps performed 
Info    : 0 illegal tets 
Info    : Volume Optimization 
Info    : CombineImprove 
Info    : 9 elements combined 
Info    : ImproveMesh 
Info    : Total badness = 382.247 
Info    : Total badness = 356.704 
Info    : SplitImprove 
Info    : badmax = 218.641 
Info    : 2 splits performed 
Info    : ImproveMesh 
Info    : Total badness = 357.315 
Info    : Total badness = 355.851 
Info    : SwapImprove  
Info    : 15 swaps performed 
Info    : SwapImprove2  
Info    : 0 swaps performed 
Info    : ImproveMesh 
Info    : Total badness = 331.045 
Info    : Total badness = 310.778 
Info    : CombineImprove 
Info    : 2 elements combined 
Info    : ImproveMesh 
Info    : Total badness = 285.819 
Info    : Total badness = 282.714 
Info    : SplitImprove 
Info    : badmax = 7.52084 
Info    : 0 splits performed 
Info    : ImproveMesh 
Info    : Total badness = 282.714 
Info    : Total badness = 282.551 
Info    : SwapImprove  
Info    : 11 swaps performed 
Info    : SwapImprove2  
Info    : 0 swaps performed 
Info    : ImproveMesh 
Info    : Total badness = 253.806 
Info    : Total badness = 248.507 
Info    : CombineImprove 
Info    : 0 elements combined 
Info    : ImproveMesh 
Info    : Total badness = 248.507 
Info    : Total badness = 248.378 
Info    : SplitImprove 
Info    : badmax = 5.02651 
Info    : 0 splits performed 
Info    : ImproveMesh 
Info    : Total badness = 248.378 
Info    : Total badness = 248.377 
Info    : SwapImprove  
Info    : 4 swaps performed 
Info    : SwapImprove2  
Info    : 0 swaps performed 
Info    : ImproveMesh 
Info    : Total badness = 246.184 
Info    : Total badness = 241.586 
Info    : Done optimizing 3D mesh with Netgen (0.112 s)
Info    : 132 vertices 657 elements
Info    : Writing 'cubes.msh'...
Info    : Done writing 'cubes.msh'
Info    : Stopped on Sat Dec 24 15:12:10 2016
